<?xml version="1.0" encoding="UTF-8"?>
<!-- Generated by org.testng.reporters.JUnitXMLReporter -->
<testsuite ignored="2" hostname="DESKTOP-HMKMG6M" failures="0" tests="1" name="Default test" time="48.608" errors="0" timestamp="2024-02-21T13:23:38 IST">
  <testcase classname="com.project.testcases.RegisterTest" name="registerwithallmandatoryfields" time="11.32"/>
  <testcase classname="com.project.testcases.RegisterTest" name="registerwithoutpolicyacceptance" time="0.0">
    <ignored/>
  </testcase> <!-- registerwithoutpolicyacceptance -->
  <testcase classname="com.project.testcases.RegisterTest" name="useralreadyregistered" time="0.0">
    <ignored/>
  </testcase> <!-- useralreadyregistered -->
</testsuite> <!-- Default test -->
