<?xml version="1.0" encoding="UTF-8"?>
<!-- Generated by org.testng.reporters.JUnitXMLReporter -->
<testsuite ignored="0" hostname="DESKTOP-HMKMG6M" failures="0" tests="8" name="PracticeTest" time="149.682" errors="0" timestamp="2024-02-20T23:10:57 IST">
  <testcase classname="com.project.testcases.RegisterTest" name="registerwithallmandatoryfields" time="8.756"/>
  <testcase classname="com.project.testcases.RegisterTest" name="useralreadyregistered" time="3.814"/>
  <testcase classname="com.project.testcases.RegisterTest" name="registerwithoutpolicyacceptance" time="3.264"/>
  <testcase classname="com.project.testcases.LoginTest" name="forgotlinkfunctionality" time="3.408"/>
  <testcase classname="com.project.testcases.LoginTest" name="loginwithInvalidCredentials" time="2.879"/>
  <testcase classname="com.project.testcases.SearchTest" name="searchitemwithoutlogin" time="2.138"/>
  <testcase classname="com.project.testcases.SearchTest" name="searchitemwithlogin" time="3.466"/>
  <testcase classname="com.project.testcases.LogoutTest" name="checkingLogout" time="3.879"/>
</testsuite> <!-- PracticeTest -->
