<?xml version="1.0" encoding="UTF-8"?>
<testng-results ignored="2" total="3" passed="1" failed="0" skipped="0">
  <reporter-output>
  </reporter-output>
  <suite started-at="2024-02-21T13:22:50 IST" name="Default suite" finished-at="2024-02-21T13:23:38 IST" duration-ms="48608">
    <groups>
    </groups>
    <test started-at="2024-02-21T13:22:50 IST" name="Default test" finished-at="2024-02-21T13:23:38 IST" duration-ms="48608">
      <class name="com.project.testcases.RegisterTest">
        <test-method is-config="true" signature="initialsetup()[pri:0, instance:com.project.testcases.RegisterTest@156b88f5]" started-at="2024-02-21T13:22:50 IST" name="initialsetup" finished-at="2024-02-21T13:23:26 IST" duration-ms="36064" status="PASS">
          <reporter-output>
          </reporter-output>
        </test-method> <!-- initialsetup -->
        <test-method signature="registerwithallmandatoryfields()[pri:1, instance:com.project.testcases.RegisterTest@156b88f5]" started-at="2024-02-21T13:23:26 IST" name="registerwithallmandatoryfields" finished-at="2024-02-21T13:23:37 IST" duration-ms="11320" status="PASS">
          <reporter-output>
          </reporter-output>
        </test-method> <!-- registerwithallmandatoryfields -->
        <test-method is-config="true" signature="aftertest()[pri:0, instance:com.project.testcases.RegisterTest@156b88f5]" started-at="2024-02-21T13:23:37 IST" name="aftertest" finished-at="2024-02-21T13:23:38 IST" duration-ms="1140" status="PASS">
          <reporter-output>
          </reporter-output>
        </test-method> <!-- aftertest -->
      </class> <!-- com.project.testcases.RegisterTest -->
    </test> <!-- Default test -->
  </suite> <!-- Default suite -->
</testng-results>
